<?xml version="1.0" encoding="UTF-8"?>
<!-- Generated by org.testng.reporters.JUnitXMLReporter -->
<testsuite ignored="0" hostname="DESKTOP-O3BHHH8" failures="0" tests="5" name="restAssured Tests" time="12.478" errors="0" timestamp="2025-09-14T00:38:42 IST">
  <testcase classname="com.restassured.api.api_test.UserTests" name="testGetAllUsers" time="6.166"/>
  <testcase classname="com.restassured.api.api_test.UserTests" name="testCreateUser" time="1.701"/>
  <testcase classname="com.restassured.api.api_test.UserTests" name="testGetSpecificUser" time="2.56"/>
  <testcase classname="com.restassured.api.api_test.UserTests" name="testUpdateUser" time="0.902"/>
  <testcase classname="com.restassured.api.api_test.UserTests" name="testDeleteUser" time="0.525"/>
</testsuite> <!-- restAssured Tests -->
