<?xml version="1.0" encoding="UTF-8"?>
<!-- Generated by org.testng.reporters.JUnitXMLReporter -->
<testsuite ignored="1" hostname="DESKTOP-O3BHHH8" failures="0" tests="4" name="restAssured Tests" time="10.13" errors="0" timestamp="2025-09-13T03:33:34 IST">
  <testcase classname="com.restassured.api.api_test.UserTests" name="testGetAllUsers" time="5.023"/>
  <testcase classname="com.restassured.api.api_test.UserTests" name="testCreateUser" time="1.038"/>
  <testcase classname="com.restassured.api.api_test.UserTests" name="testGetSpecificUser" time="2.285"/>
  <testcase classname="com.restassured.api.api_test.UserTests" name="testUpdateUser" time="1.265"/>
  <testcase classname="com.restassured.api.api_test.UserTests" name="testDeleteUser" time="0.0">
    <ignored/>
  </testcase> <!-- testDeleteUser -->
</testsuite> <!-- restAssured Tests -->
