<?xml version="1.0" encoding="UTF-8"?>
<testng-results ignored="0" total="5" passed="5" failed="0" skipped="0">
  <reporter-output>
  </reporter-output>
  <suite started-at="2025-09-14T00:38:28 IST" name="Extent Suite" finished-at="2025-09-14T00:38:41 IST" duration-ms="12478">
    <groups>
    </groups>
    <test started-at="2025-09-14T00:38:28 IST" name="restAssured Tests" finished-at="2025-09-14T00:38:41 IST" duration-ms="12478">
      <class name="com.restassured.api.api_test.UserTests">
        <test-method is-config="true" signature="setup()[pri:0, instance:com.restassured.api.api_test.UserTests@22d6cac2]" started-at="2025-09-14T00:38:28 IST" name="setup" finished-at="2025-09-14T00:38:29 IST" duration-ms="376" status="PASS">
          <reporter-output>
          </reporter-output>
        </test-method> <!-- setup -->
        <test-method signature="testGetAllUsers()[pri:1, instance:com.restassured.api.api_test.UserTests@22d6cac2]" started-at="2025-09-14T00:38:29 IST" name="testGetAllUsers" finished-at="2025-09-14T00:38:35 IST" duration-ms="6166" status="PASS">
          <reporter-output>
          </reporter-output>
        </test-method> <!-- testGetAllUsers -->
        <test-method signature="testCreateUser()[pri:2, instance:com.restassured.api.api_test.UserTests@22d6cac2]" started-at="2025-09-14T00:38:35 IST" name="testCreateUser" finished-at="2025-09-14T00:38:37 IST" duration-ms="1701" status="PASS">
          <reporter-output>
          </reporter-output>
        </test-method> <!-- testCreateUser -->
        <test-method signature="testGetSpecificUser()[pri:3, instance:com.restassured.api.api_test.UserTests@22d6cac2]" started-at="2025-09-14T00:38:37 IST" name="testGetSpecificUser" finished-at="2025-09-14T00:38:39 IST" duration-ms="2560" status="PASS">
          <reporter-output>
          </reporter-output>
        </test-method> <!-- testGetSpecificUser -->
        <test-method signature="testUpdateUser()[pri:4, instance:com.restassured.api.api_test.UserTests@22d6cac2]" started-at="2025-09-14T00:38:39 IST" name="testUpdateUser" finished-at="2025-09-14T00:38:40 IST" duration-ms="902" status="PASS">
          <reporter-output>
          </reporter-output>
        </test-method> <!-- testUpdateUser -->
        <test-method signature="testDeleteUser()[pri:5, instance:com.restassured.api.api_test.UserTests@22d6cac2]" started-at="2025-09-14T00:38:40 IST" name="testDeleteUser" finished-at="2025-09-14T00:38:41 IST" duration-ms="525" status="PASS">
          <reporter-output>
          </reporter-output>
        </test-method> <!-- testDeleteUser -->
      </class> <!-- com.restassured.api.api_test.UserTests -->
    </test> <!-- restAssured Tests -->
  </suite> <!-- Extent Suite -->
</testng-results>
