<?xml version="1.0" encoding="UTF-8"?>
<testsuite xmlns:xsi="http://www.w3.org/2001/XMLSchema-instance" xsi:noNamespaceSchemaLocation="https://maven.apache.org/surefire/maven-surefire-plugin/xsd/surefire-test-report-3.0.xsd" version="3.0" name="TestSuite" time="13.997" tests="4" errors="0" skipped="0" failures="0">
  <properties>
[...]
</properties>
  <testcase name="testGetAllUsers" classname="com.restassured.api.api_test.UserTests" time="5.024">
    <system-out><![CDATA[2025-09-12T22:03:22.160100700Z main ERROR Log4j API could not find a logging provider.
GET ALL USER VALIDATION
Response Body: [{"id":8121176,"name":"Leticia Diaz","email":"nicholas.kuphal@yahoo.com","gender":"female","status":"active"},{"id":8120271,"name":"Leticia Diaz","email":"leticia.diaz@xyz.com","gender":"female","status":"active"},{"id":8120111,"name":"Marisol Rodriguez","email":"marisol.rodriguez@xyz.com","gender":"female","status":"active"},{"id":8117256,"name":"TestUser","email":"suzi.kuhic@hotmail.com","gender":"male","status":"active"},{"id":8117242,"name":"TestUser1","email":"crystle.beer@gmail.com","gender":"male","status":"active"},{"id":8117232,"name":"TestUser1","email":"xyz1564742142@abc.com","gender":"male","status":"active"},{"id":8117222,"name":"TestUser1","email":"xyz564742142@abc.com","gender":"male","status":"active"},{"id":8117195,"name":"Testuser1","email":"abc2025@xyz2101.com","gender":"male","status":"inactive"},{"id":8117145,"name":"Sen. Devak Pothuvaal","email":"pothuvaal_devak_sen@wiegand-gutkowski.example","gender":"female","status":"active"},{"id":8117136,"name":"Ms. Pranay Talwar","email":"pranay_ms_talwar@beahan-johnston.test","gender":"female","status":"inactive"}]
]]></system-out>
    <system-err><![CDATA[SLF4J(W): No SLF4J providers were found.
SLF4J(W): Defaulting to no-operation (NOP) logger implementation
SLF4J(W): See https://www.slf4j.org/codes.html#noProviders for further details.
]]></system-err>
  </testcase>
  <testcase name="testCreateUser" classname="com.restassured.api.api_test.UserTests" time="1.039">
    <system-out><![CDATA[User created with ID: 8122163
]]></system-out>
  </testcase>
  <testcase name="testGetSpecificUser" classname="com.restassured.api.api_test.UserTests" time="2.29">
    <system-out><![CDATA[GET USER Validation for user ID: 8122163
Response Body: {"id":8122163,"name":"Leticia Diaz","email":"ruth.jerde@hotmail.com","gender":"female","status":"active"}
]]></system-out>
  </testcase>
  <testcase name="testUpdateUser" classname="com.restassured.api.api_test.UserTests" time="1.265">
    <system-out><![CDATA[UPDATE USER VALIDATION: for user ID: 8122163
Response Body: {"email":"angeles.raynor@gmail.com","name":"Leticia Diaz","gender":"female","status":"active","id":8122163}
]]></system-out>
  </testcase>
</testsuite>